[    0.000000] Initializing cgroup subsys cpuset
[    0.000000] Initializing cgroup subsys cpu
[    0.000000] Initializing cgroup subsys cpuacct
[    0.000000] Linux version 4.4.0-143-generic (buildd@lgw01-amd64-041) (gcc version 5.4.0 20160609 (Ubuntu 5.4.0-6ubuntu1~16.04.10) ) #169-Ubuntu SMP Thu Feb 7 07:56:38 UTC 2019 (Ubuntu 4.4.0-143.169-generic 4.4.170)
[    0.000000] Command line: BOOT_IMAGE=/boot/vmlinuz-4.4.0-143-generic root=UUID=73651260-a8f2-44b4-b86a-2bbaa51ec794 ro console=tty1 console=ttyS0
[    0.000000] KERNEL supported cpus:
[    0.000000]   Intel GenuineIntel
[    0.000000]   AMD AuthenticAMD
[    0.000000]   Centaur CentaurHauls
[    0.000000] x86/fpu: xstate_offset[2]:  576, xstate_sizes[2]:  256
[    0.000000] x86/fpu: Supporting XSAVE feature 0x01: 'x87 floating point registers'
[    0.000000] x86/fpu: Supporting XSAVE feature 0x02: 'SSE registers'
[    0.000000] x86/fpu: Supporting XSAVE feature 0x04: 'AVX registers'
[    0.000000] x86/fpu: Enabled xstate features 0x7, context size is 832 bytes, using 'standard' format.
[    0.000000] e820: BIOS-provided physical RAM map:
[    0.000000] BIOS-e820: [mem 0x0000000000000000-0x000000000009fbff] usable
[    0.000000] BIOS-e820: [mem 0x000000000009fc00-0x000000000009ffff] reserved
[    0.000000] BIOS-e820: [mem 0x00000000000f0000-0x00000000000fffff] reserved
[    0.000000] BIOS-e820: [mem 0x0000000000100000-0x000000003ffeffff] usable
[    0.000000] BIOS-e820: [mem 0x000000003fff0000-0x000000003fffffff] ACPI data
[    0.000000] BIOS-e820: [mem 0x00000000fec00000-0x00000000fec00fff] reserved
[    0.000000] BIOS-e820: [mem 0x00000000fee00000-0x00000000fee00fff] reserved
[    0.000000] BIOS-e820: [mem 0x00000000fffc0000-0x00000000ffffffff] resrved
[    0.000000] NX (Execute Disable) protection: active
[    0.000000] SMBIOS 2.5 present.
[    0.000000] Hypervisor detected: KVM
[    0.000000] e820: last_pfn = 0x3fff0 max_arch_pfn = 0x400000000
[    0.000000] MTRR: Disabled
[    0.000000] x86/PAT: MTRRs disabled, skipping PAT initialization too.
[    0.000000] CPU MTRRs all blank - virtualized system.
[    0.000000] x86/PATConfiguration [0-7]: WB  WT  UC- UC  WB  WT  UC- UC  
[    0.000000] found SMP MP-table at [mem 0x0009fff0-0x0009ffff] mapped at [ffff88000009fff0]
[    0.000000] Scanning 1 areas for low memory corruption
[    0.000000] RAMDISK: [mem 0x361ee000-0x370eefff]
[    0.000000] ACPI: Early table checksum verification disabled
[    0.000000] ACPI: RSDP 0x00000000000E0000 000024 (v02 VBOX  )
[    0.000000] ACPI: XSDT 0x000000003FFF0030 00003C (v01 VBOX   VBOXXSDT 00000001 ASL  00000061)
[    0.000000] ACPI: FACP 0x000000003FFF00F0 0000F4 (v04 VBOX   VBOXFACP 00000001 ASL  00000061)
[    0.000000] ACPI: DT 0x0000003FFF0470 0021FF (v02 VBOX   VBOXBIOS 00000002 INTL 20160831)
[    0.000000] ACPI: FACS 0x000000003FFF0200 000040
[    0.000000] ACPI: FACS 0x000000003FFF0200 000040
[    0.000000] ACPI: APIC 0x000000003FFF0240 00005C (v02 VBOX   VBOXAPIC 00000001 ASL  00000061)
[    0.000000] ACPI: SSDT 0x000000003FFF02A0 0001CC (v01 VBOX   VBOXCPUT 00000002 INTL 20160831)
[    0.000000] No NUMA configuration found
[    0.000000] Faking a node at [mem 0x0000000000000000-0x000000003ffeffff]
[    0.000000] NODE_DATA(0) allocated [mem 0x3ffeb000-0x3ffeffff]
[    0.000000] kvm-clock: Using msrs 4b564d01 and 4b564d00
[    0.000000] kvm-clock: cpu 0, msr 0:3ffe3001, primary cpu clock
[    0.000000] kvm-clock: using sched offset of 3240480768 cycles
[    0.000000] clocksource: kvm-clock: mask: 0xffffffffffffffff max_cycles: 0x1cd42e4dffb, max_idle_ns: 881590591483 ns
[    0.000000] Zone ranges:
[    0.000000]   DMA      [mem 0x0000000000001000-0x0000000000ffffff]
[    0.000000]   DMA32    [mem 0x0000000001000000-0x000000003ffeffff]
[    0.000000]   Normal   empty
[    0.000000]   Device   empty
[    0.000000] Movable zone start for each node
[    0.000000] Early memory node ranges
[    0.000000]   node   0: [mem 0x0000000000001000-0x000000000009efff]
[    0.000000]   node   0: [mem 0x0000000000100000-0x000000003ffeffff]
[    0.000000] Initmem setup node 0 [mem 0x0000000000001000-0x000000003ffeffff]
[    0.000000] ACPI: PM-Timer IO Port: 0x4008
[    0.000000] IOAPIC[0]: apic_id 2, version 32, address 0xfec00000, GSI 0-23
[    0.000000] ACPI: INT_SRC_OVR (bus 0 bus_irq 0 global_irq 2 dfl dfl)
[    0.000000] ACPI: INT_SRC_OVR (bus 0 bus_irq 9 global_irq 9 low level)
[    0.000000] Using ACPI (MADT) for SMP configuration information
[    0.000000] smpboot: Allowing 2 CPUs, 0 hotplug CPUs
[    0.000000] PM: Registered nosave memory: [mem 0x00000000-0x00000fff]
[    0.000000] PM: Registered nosave memory: [mem 0x0009f000-0x0009ffff]
[    0.000000] PM: Registered nosave memory: [mem 0x000a0000-0x000effff]
[    0.000000] PM: Registered nosave memory: [mem 0x000f0000-0x000fffff]
[    0.000000] e820: [mem 0x40000000-0xfebfffff] available for PCI devices
[    0.000000] Booting paravirtualized kernel on KVM
[    0.000000] clocksource: refined-jiffies: mask: 0xffffffff max_cycles: 0xffffffff, max_idle_ns: 7645519600211568 ns
[    0.000000] setup_percpu: NR_CPUS:512 nr_cpumask_bits:512 nr_cpu_ids:2 nr_node_ids:1
[    0.000000] PERCPU: Embedded 34 pages/cpu @ffff88003fc00000 s99480 r8192 d31592 u1048576
[    0.000000] Built 1 zonelists in Node order, mobility grouping on.  Total pages: 257912
[    0.000000] Policy zone: DMA32
[    0.000000] Kernel command line: BOOT_IMAGE=/boot/vmlinuz-4.4.0-143-generic root=UUID=73651260-a8f2-44b4-b86a-2bbaa51ec794 ro console=tty1 console=ttyS0
[    0.000000] PID hash table entries: 4096 (order: 3, 32768 bytes)
[    0.000000] Memory: 997168K/1048120K available (8608K kernel code, 1332K rwdata, 4008K rodata, 1484K init, 1316K bss, 50952K reserved, 0K cma-reserved)
[    0.000000] SLUB: HWalign=64, Order=0-3, MinObjects=0, CPUs=2, Nodes=1
[    0.000000] Kernel/User page tables isolation: enabled
[    0.000000] Hierarchical RCU implementation.
[    0.000000] 	Build-time adjustment of leaf fanout to 64.
[    0.000000] 	RCU restricting CPUs from NR_CPUS=512 to nr_cpu_ids=2.
[    0.000000] RCU: Adjusting geometry for rcu_fanout_leaf=64, nr_cpu_ids=2
[    0.000000] NR_IRQS:33024 nr_irqs:440 16
[    0.000000] Console: colour VGA+ 80x25
[    0.000000] console [tty1] enabled
[    0.000000] console [ttyS0] enabled
[    0.000000] tsc: Detected 2208.006 MHz processor
[    0.259539] Calibrating delay loop (skipped) preset value.. 4416.01 BogoMIPS (lpj=8832024)
[  0260748] pid_max: default: 32768 minimum: 301
[    0.297051] ACPI: Core revision 20150930
[    0.298419] ACPI: 2 ACPI AML tables successfully acquired and loaded
[    0.299467] Security Framework initialized
[    0.300074] Yama: becoming mindful.
[    0.307267] AppArmor: AppArmor initialized
[    0.308229] Dentry cache hash table entries: 131072 (order: 8, 1048576 bytes)
[    0.309884] Inode-cache hash table entries: 65536 (order: 7, 524288 bytes)
[    0.315497] Mount-cache hash table entries: 2048 (order: 2, 16384 bytes)
[    0.316664] Mountpoint-cache hash table entries: 2048 (order: 2, 16384 bytes)
[    0.318040] Initializing cgroup subsys io
[    0.318907] Initializing cgroup subsys memory
[    0.319771] Initializing cgroup subsys devices
[    0.320649] Initializing cgroup subsys freezer
[    0.321637] Initializing cgroup subsys net_cls
[    0.322509] Initializing cgroup subsys perf_event
[    0.323446] Initializing cgroup subsys net_prio
[    0.324314] Initializing cgroup subsys hugetlb
[    0.331664] Initializing cgroup subsys pids
[    0.333972] mce: CPU supports 0 MCE banks
[    0.347613] Last level iTLB entries: 4KB 64, 2MB 8, 4MB 8
[    0.367694] Last level dTLB entries: 4KB 64, 2MB 0, 4MB 0, 1GB 4
[    0.368765] Spectre V2 : Mitigation: Full generic retpoline
[    0.369760] Spectre V2 : Spectre v2 / SpectreRSB mitigation: Filling RSB on context switch
[    0.371374] Speculative Store Bypass: Vulnerable
[    0.374682] Freeing SMP alternatives memory: 32K
[    0.380411] ftrace: allocating 32278 entries in 127 pages
[    0.433594] smpboot: APIC(0) Converting physical 0 to logical package 0
[    0.440105] smpboot: Max logical packages: 1
[    0.441252] x2apic enabled
[    0.442142] Switched APIC routing to physical x2apic.
[    0.444358] ..TIMER: vector=0x30 apic1=0 pin1=2 apic2=-1 pin2=-1
[    0.555300] smpboot: CPU0: Intel(R) Core(TM) i5-7260U CPU @ 2.20GHz (family: 0x6, model: 0x8e, stepping: 0x9)
[    0.568679] Performance Events: unsupported p6 CPU model 142 no PMU driver, software events only.
[    0.579679] KVM setup paravirtual spinlock
[    0.586264] x86: Booting SMP configuration:
[    0.586991] .... node  #0, CPUs:      #1
[    0.587810] kvm-clock: cpu 1, msr 0:3ffe3041, secondary cpu clock
[    0.590020] mce: CPU supports 0 MCE banks
[    0.605139] x86: Booted up 1 node, 2 CPUs
[    0.609807] smpboot: Total of 2 processors activated (8832.02 BogoMIPS)
[    0.617348] devtmpfs: initialized
[    0.620774] evm: security.selinux
[    0.626526] evm: security.SMACK64
[    0.627104] evm: security.SMACK64EXEC
[    0.627761] evm: security.SMACK64TRANSMUTE
[    0.633715] evm: security.SMACK64MMAP
[    0.634345] evm: security.ima
[    0.634893] evm: security.capability
[    0.636946] clocksource: jiffies: mask: 0xffffffff max_cycles: 0xffffffff, max_idle_ns: 7645041785100000 ns
[    0.650844] futex hash table entries: 512 (order: 3, 32768 bytes)
[    0.651895] pinctrl core: initialized pinctrl subsystem
[    0.652812] RTC time: 11:59:47, date: 03/20/19
[    0.653674] NET: Registered protocol family 16
[    0.663316] cpuidle: using governor ladder
[    0.674793] cpuidle: using governor menu
[    0.675505] PCCT header not found.
[    0.676168] ACPI: bus type PCI registered
[    0.676852] acpiphp: ACPI Hot Plug PCI Controller Driver version: 0.5
[    0.684664] PCI: Using configuration type 1 for base access
[    0.695563] ACPI: Added _OSI(Module Device)
[    0.696522] ACPI: Added _OSI(Processor Device)
[    0.697253] ACPI: Added _OSI(3.0 _SCP Extensions)
[    0.697991] ACPI: Added _OSI(Processor Aggregator Device)
[    0.699498] ACPI: Executed 1 blocks of module-level executable AML code
[    0.702198] ACPI: Interpreter enabled
[    0.702848] ACPI: (supports S0 S5)
[    0.703413] ACPI: Using IOAPIC for interrupt routing
[    0.709487] PCI: Using host bridge windows from ACPI; if necessary, use "pci=nocrs" and report a bug
[    0.720634] ACPI: PCI Root Bridge [PCI0] (domain 0000 [bus 00-ff])
[    0.721570] acpi PNP0A03:00: _OSC: OS supports [ASPM ClockPM Segments MSI]
[    0.734193] acpi PNP0A03:00: _OSC: not requesting OS control; OS requires [ExtendedConfig ASPM ClockPM MSI]
[    0.735499] acpi PNP0A03:00: fail to add MMCONFIG information, can't access extended PCI configuration space under this bridge.
[    0.737157] PCI host bridge to bus 0000:00
[    0.743047] pci_bus 0000:00: root bus resource [io  0x0000-0x0cf7 window]
[    0.744049] pci_bus 0000:00: root bus resource [io  0x0d00-0xffff window]
[    0.750279] pci_bus 0000:00: root bus resource [mem 0x000a0000-0x000bffff window]
[    0.751380] pci_bus 0000:00: root bus resource [mem 0x40000000-0xfdffffff window]
[    0.752454] pci_bus 0000:00: root bus resource [bus 00-ff]
[    0.754344] pci 0000:00:01.1: legacy IDE quirk: reg 0x10: [io  0x01f0-0x01f7]
[    0.755237] pci 0000:00:01.1: legacy IDE quirk: reg 0x14: [io  0x03f6]
[    0.756119] pci 0000:00:01.1: legacy IDE quirk: reg 0x18: [io  0x0170-0x0177]
[    0.757084] pci 0000:00:01.1: legacy IDE quirk: reg 0x1c: [io  0x0376]
[    0.772753] pci 0000:00:07.0: quirk: [io  0x4000-0x403f] claimed by PIIX4 ACPI
[    0.784460] pci 0000:00:07.0: quirk: [io  0x4100-0x410f] claimed by PIIX4 SMB
[    0.801447] ACPI: PCI Interrupt Link [LNKA] (IRQs 5 9 10 *11)
[    0.804210] ACPI: PCI Interrupt Link [LNKB] (IRQs 5 9 *10 11)
[    0.805417] ACPI: PCI Interrupt Link [LNKC] (IRQs 5 *9 10 11)
[    0.809943] ACPI: PCI Interrupt Link [LNKD] (IRQs 5 9 10 *11)
[    0.811459] ACPI: Enabled 2 GPEs in block 00 to 07
[    0.820968] vgaarb: setting as boot device: PCI:0000:00:02.0
[    0.821995] vgaarb: device added: PCI:0000:00:02.0,decodes=io+mem,owns=io+mem,locks=none
[    0.823606] vgaarb: loaded
[    0.824241] vgaarb: bridge control possible 0000:00:02.0
[    0.830528] SCSI subsystem initialized
[    0.831261] ACPI: bus type USB registered
[    0.831877] usbcore: registered new interface driver usbfs
[    0.832732] usbcore: registered new interface driver hub
[    0.833553] usbcore: registered new device driver usb
[    0.836474] PCI: Using ACPI for IRQ routing
[    0.837615] NetLabel: Initializing
[    0.838358] NetLabel:  domain hash size = 128
[    0.839224] NetLabel:  protocols = UNLABELED CIPSOv4
[    0.840167] NetLabel:  unlabeled traffic allowed by default
[    0.841289] amd_nb: Cannot enumerate AMD northbridges
[    0.842283] clocksource: Switched to clocksource kvm-clock
[    0.848880] AppArmor: AppArmor Filesystem Enabled
[    0.855136] pnp: PnP ACPI init
[    0.856644] pnp: PnP ACPI: found 3 devices
[    0.866136] clocksource: acpi_pm: mask: 0xffffff max_cycles: 0xffffff, max_idle_ns: 2085701024 ns
[    0.867627] NET: Registered protocol family 2
[    0.868505] TCP established hash table entries: 8192 (order: 4, 65536 bytes)
[    0.869541] TCP bind hash table entries: 8192 (order: 5, 131072 bytes)
[    0.871457] TCP: Hash tables configured (established 8192 bind 8192)
[    0.872277] UDP hash table entries: 512 (order: 2, 16384 bytes)
[    0.873036] UDP-Lite hash table entries: 512 (order: 2, 16384 bytes)
[    0.873872] NET: Registered protocol family 1
[    0.874521] pci 0000:00:00.0: Limiting direct PCI/PCI transfers
[    0.876227] pci 0000:00:01.0: Activating ISA DMA hang workarounds
[  0.8053] Unpacking initramfs...

[    1.152089] Freeing initrd memory: 15364K
[    1.191167] platform rtc_cmos: registered platform RTC device (no PNP device found)
[    1.192382] Scanning for low memory corruption every 60 seconds
[    1.193562] audit: initializing netlink subsys (disabled)
[    1.211189] audit: type=2000 audit(1553083192.481:1): initialized
[    1.233265] Initialise system trusted keyring
[    1.234103] HugeTLB registered 2 MB page size, pre-allocated 0 pages
[    1.236078] zbud: loaded
[    1.236897] VFS: Disk quotas dquot_6.6.0
[    1.239552] VFS: Dquot-cache hash table entries: 512 (order 0, 4096 bytes)
[    1.241028] squashfs: version 4.0 (2009/01/31) Phillip Lougher
[    1.257201] fuse init (API version 7.23)
[    1.258004] Key type big_key registered
[    1.258701] Allocating IMA MOK and blacklist keyrings.
[    1.260521] Key type asymmetric registered
[    1.276520] Asymmetric key parser 'x509' registered
[    1.277363] Block layer SCSI generic (bsg) driver version 0.4 loaded (major 249)
[    1.294547] io scheduler noop registered
[    1.310861] io scheduler deadline registered (default)
[    1.319903] io scheduler cfq registered
[    1.320731] pci_hotplug: PCI Hot Plug PCI Core version: 0.5
[    1.321536] pciehp: PCI Express Hot Plug Controller Driver version: 0.4
[    1.322524] ACPI: AC Adapter [AC] (on-line)
[    1.323185] input: Power Button as /devices/LNXSYSTM:00/LNXPWRBN:00/input/input0
[    1.391304] ACPI: Power Button [PWRF]
[    1.392890] input: Sleep Button as /devices/LNXSYSTM:00/LNXSLPBN:00/input/input1
[    1.400714] ACPI: Sleep Button [SLPF]
[    1.443353] GHES: HEST is not enabled!
[    1.444278] Serial: 8250/16550 driver, 32 ports, IRQ sharing enabled
[    1.502562] 00:02: ttyS0 at I/O 0x3f8 (irq = 4, base_baud = 115200) is a 16550A
[    1.512051] Linux agpgart interface v0.103
[    1.518407] loop: module loaded
[    1.521560] scsi host0: ata_piix
[    1.522421] scsi host1: ata_piix
[    1.523159] ata1: PATA max UDMA/33 cmd 0x1f0 ctl 0x3f6 bmdma 0xd000 irq 14
[    1.524350] ata2: PATA max UDMA/33 cmd 0x170 ctl 0x376 bmdma 0xd008 irq 15
[    1.537614] libphy: Fixed MDIO Bus: probed
[    1.540991] tun: Universal TUN/TAP device driver, 1.6
[    1.551259] tun: (C) 1999-2004 Max Krasnyansky <maxk@qualcomm.com>
[    1.552452] PPP generic driver version 2.4.2
[    1.553374] ehci_hcd: USB 2.0 'Enhanced' Host Controller (EHCI) Driver
[    1.560787] ehci-pci: EHCI PCI platform driver
[    1.561555] ehci-platform: EHCI generic platform driver
[    1.572683] ohci_hcd: USB 1.1 'Open' Host Controller (OHCI) Driver
[    1.573644] ohci-pci: OHCI PCI platform driver
[    1.574365] ohci-platform: OHCI generic platform driver
[    1.590756] uhci_hcd: USB Universal Host Controller Interface driver
[    1.591792] i8042: PNP: PS/2 Controller [PNP0303:PS2K,PNP0f03:PS2M] at 0x60,0x64 irq 1,12
[    1.593546] serio: i8042 KBD port at 0x60,0x64 irq 1
[    1.594389] serio: i8042 AUX port at 0x60,0x64 irq 12
[    1.608128] mousedev: PS/2 mouse device common for all mice
[    1.609339] input: AT Translated Set 2 keyboard as /devices/platform/i8042/serio0/input/input2
[    1.610786] rtc_cmos rtc_cmos: rtc core: registered rtc_cmos as rtc0
[    1.622013] rtc_cmos rtc_cmos: alarms up to one day, 114 bytes nvram
[    1.623122] i2c /dev entries driver
[    1.623763] device-mapper: uevent: version 1.0.3
[    1.624536] device-mapper: ioctl: 4.34.0-ioctl (2015-10-28) initialised: dm-devel@redhat.com
[    1.627534] ledtrig-cpu: registered to indicate activity on CPUs
[    1.641162] NET: Registered protocol family 10
[    1.642317] NET: Registered protocol family 17
[    1.650956] Key type dns_resolver registered
[    1.651807] registered taskstats version 1
[    1.652430] Loading compiled-in X.509 certificates
[    1.653630] Loaded X.509 cert 'Build time autogenerated kernel key: d03773f65dd2b75b701d4dd50cb1e8d0c07b3b6e'
[    1.655060] zswap: loaded using pool lzo/zbud
[    1.657250] Key type trusted registered
[    1.660612] Key type encrypted registered
[    1.664107] AppArmor: AppArmor sha1 policy hashing enabled
[    1.664853] ima: No TPM chip found, activating TPM-bypass!
[    1.665587] ima: Allocated hash algorithm: sha1
[    1.666250] evm: HMAC attrs: 0x1
[    1.667410]   Magic number: 11:93:985
[    1.670936] rtc_cmos rtc_cmos: setting system clock to 2019-03-20 11:59:48 UTC (1553083188)
[    1.672405] BIOS EDD facility v0.16 2004-Jun-25, 0 devices found
[    1.673309] EDD information not available.
[    1.707505] Freeing unused kernel memory: 1484K
[    1.721030] Write protecting the kernel read-only data: 14336k
[    1.722289] Freeing unused kernel memory: 1620K
[    1.723213] Freeing unused kernel memory: 88K
Loading, please wait...
[    1.735589] random: systemd-udevd: uninitialized urandom read (16 bytes read, 3 bits of entropy available)
starting version 229
[    1.736184] random: udevadm: uninitialized urandom read (16 bytes read, 3 bits of entropy available)
[    1.736197] random: udevadm: uninitialized urandom read (16 bytes read, 3 bits of entropy available)
[    1.742872] random: udevadm: uninitialized urandom read (16 bytes read, 3 bits of entropy available)
[    1.742922] random: udevadm: uninitialized urandom read (16 bytes read, 3 bits of entropy available)
[    1.743073] random: udevadm: uninitialized urandom read (16 bytes read, 3 bits of entropy available)
[    1.743134] random: udevadm: uninitialized urandom read (16 bytes read, 3 bits of entropy available)
[    1.743193] random: udevadm: uninitialized urandom read (16 bytes read, 3 bits of entropy available)
[    1.743253] random: udevadm: uninitialized urandom read (16 bytes read, 3 bits of entropy available)
[    1.743309] random: udevadm: uninitialized urandom read (16 bytes read, 3 bits of entropy available)
[    1.917740] Fusion MPT base driver 3.04.20
[    1.934734] Copyright (c) 1999-2008 LSI Corporation
[    1.939741] AVX2 version of gcm_enc/dec engaged.
[    1.946522] AES CTR mode by8 optimization enabled
[    1.959394] e1000: Intel(R) PRO/1000 Network Driver - version 7.3.21-k8-NAPI
[    1.971285] e1000: Copyright (c) 1999-2006 Intel Corporation.
[    1.977435] Fusion MPT SPI Host driver 3.04.20
[    2.151551] input: ImExPS/2 Generic Explorer Mouse as /devices/platform/i8042/serio1/input/input4
[    2.190391] tsc: Refined TSC clocksource calibration: 2209.501 MHz
[    2.190394] clocksource: tsc: mask: 0xffffffffffffffff max_cycles: 0x1fd9422067c, max_idle_ns: 440795278517 ns
[    2.349769] e1000 0000:00:03.0 eth0: (PCI:33MHz:32-bit) 02:b4:5c:5b:e6:80
[    2.352042] e1000 0000:00:03.0 eth0: Intel(R) PRO/1000 Network Connection
[    2.685924] e1000 0000:00:08.0 eth1: (PCI:33MHz:32-bit) 08:00:27:2b:48:8a
[    2.687002] e1000 0000:00:08.0 eth1: Intel(R) PRO/1000 Network Connection
[    2.689259] e1000 0000:00:08.0 enp0s8: renamed from eth1
[    2.690854] mptbase: ioc0: Initiating bringup
[    2.718408] e1000 0000:00:03.0 enp0s3: renamed from eth0
[    2.762661] ioc0: LSI53C1030 A0: Capabilities={Initiator}
[    2.967622] scsi host2: ioc0: LSI53C1030 A0, FwRev=00000000h, Ports=1, MaxQ=256, IRQ=20
[    3.132256] scsi 2:0:0:0: Direct-Access     VBOX     HARDDISK         1.0  PQ: 0 ANSI: 5
[    3.144495] scsi target2:0:0: Beginning Domain Validation
[    3.162738] scsi target2:0:0: Domain Validation skipping write tests
[    3.171739] scsi target2:0:0: Ending Domain Validation
[    3.174236] scsi target2:0:0: asynchronous
[    3.191737] scsi 2:0:1:0: Direct-Access     VBOX     HARDDISK         1.0  PQ: 0 ANSI: 5
[    3.200624] scsi target2:0:1: Beginning Domain Validation
[    3.202132] scsi target2:0:1: Domain Validation skipping write tests
[    3.203067] scsi target2:0:1: Ending Domain Validation
[    3.203793] scsi target2:0:1: asynchronous
[    3.216604] sd 2:0:0:0: [sda] 20971520 512-byte logical blocks: (10.7 GB/10.0 GiB)
[    3.216635] sd 2:0:0:0: Attached scsi generic sg0 type 0
[    3.242331] sd 2:0:1:0: [sdb] 20480 512-byte logical blocks: (10.5 MB/10.0 MiB)
[    3.242454] sd 2:0:1:0: [sdb] Write Protect is off
[    3.242512] sd 2:0:1:0: [sdb] Incomplete mode parameter data
[    3.242513] sd 2:0:1:0: [sdb] Assuming drive cache: write through
[    3.242819] sd 2:0:1:0: Attached scsi generic sg1 type 0
[    3.244327] sd 2:0:1:0: [sdb] Attached SCSI disk
[    3.301238] sd 2:0:0:0: [sda] Write Protect is off
[    3.302141] sd 2:0:0:0: [sda] Incomplete mode parameter data
[    3.303027] sd 2:0:0:0: [sda] Assuming drive cache: write through
[    3.304894]  sda: sda1
[    3.305909] sd 2:0:0:0: [sda] Attached SCSI disk
Begin: Loading essential drivers ... [    4.646099] md: linear personality registered for level -1
[    4.655461] md: multipath personality registered for level -4
[    4.661201] md: raid0 personality registered for level 0
[    4.670172] md: raid1 personality registered for level 1
[    4.742305] raid6: sse2x1   gen() 11314 MB/s
[    4.814356] raid6: sse2x1   xor()  8602 MB/s
[    4.890108] raid6: sse2x2   gen() 14988 MB/s
[    4.958341] raid6: sse2x2   xor()  9680 MB/s
[    5.026305] raid6: sse2x4   gen() 15976 MB/s
[    5.098341] raid6: sse2x4   xor() 10796 MB/s
[    5.166300] raid6: avx2x1   gen() 22725 MB/s
[    5.234304] raid6: avx2x2   gen() 26151 MB/s
[    5.306300] raid6: avx2x4   gen() 28899 MB/s
[    5.312625] raid6: using algorithm avx2x4 gen() 28899 MB/s
[    5.313382] raid6: using avx2x2 recovery algorithm
[    5.315182] xor: automatically using best checksumming function:
[    5.370751]    avx       : 34977.000 MB/sec
[    5.421969] async_tx: api initialized (async)
[    5.432379] md: raid6 personality registered for level 6
[    5.435050] md: raid5 personality registered for level 5
[    5.436011] md: raid4 personality registered for level 4
[    5.442237] md: raid10 personality registered for level 10
done.
Begin: Running[    5.467747] Btrfs loaded
 /scripts/init-premount ... done.
Begin: Mounting root file system ... Begin: Running /scripts/local-top ... done.
Begin: Running /scripts/local-premount ... Scanning for Btrfs filesystems
done.
Warning: fsck no[    5.507721] EXT4-fs (sda1): mounted filesystem with ordered data mode. Opts: (null)
t present, so skipping root file system
done.
Begin: Running /scripts/local-bottom ... done.
Begin: Running /scripts/init-bottom ... done.
[    5.667343] systemd[1]: systemd 229 running in system mode. (+PAM +AUDIT +SELINUX +IMA +APPARMOR +SMACK +SYSVINIT +UTMP +LIBCRYPTSETUP +GCRYPT +GNUTLS +ACL +XZ -LZ4 +SECCOMP +BLKID +ELFUTILS +KMOD -IDN)
[    5.684982] systemd[1]: Detected virtualization oracle.
[    5.685941] systemd[1]: Detected architecture x86-64.

Welcome to [1mUbuntu 16.04.5 LTS[0m!

[    5.700341] systemd[1]: Set hostname to <ubuntu-xenial>.
[  6.056699] sysmd1]: Listening on Journal Audit Socket.
[[0;32m  OK  [0m] Listening on Journal Audit Socket.
[    6.192257] systemd[1]: Listening on Device-mapper event daemon FIFOs.
[[0;32m  OK  [0m] Listening on Device-mapper event daemon FIFOs.
[    6.1942] systemd[1]: Reached target User and Group Name Lookups.
[[0;32m  OK  [0m] Reached target User and Group Name Lookups.
[    6.238917] systemd[1]: Listening on Journal Socket (/dev/log).
[[0;32m  OK  [0m] Listening on Journal Socket (/dev/log).
[    6.240868] systemd[1] Ceaed slice User and Session Slice.
[[0;32m  OK  [0m] Created slice User and Session Slice.
[    6.324029] systemd[1]: Reached target stem Time Synchronized.
[[0;32m  OK  [0m] Reached target System Time Synchronized.
[    6.368858] systemd[1]: Listening on LVM2 poll daemon socket.
[[0;32m  OK  [0m] Listening on LVM2 poll daemon socket.
[    6.370744] systemd[1]: Listening on udev Control Socket.
[[0;32m  OK  [0m] Listening on udev Control Socket.
[    6.372562] systemd[1]: Listening on Journal Socket.
[[0;32m  OK  [0m] Listening on Journal Socket.
[    6747]ystemd[1]: Listening on LVM2 metadata daemon socket.
[[0;32m  OK  [0m] Listening on LVM2 metadata daemon socket.
[    6.505730] systemd[1]: Reached target Swap.
[[0;32m  OK  [0m] Reached target Swap.
[    6.507654] systemd[1]: Reached target Encrypted Volumes.
[[0;32m  OK  [0m] Reached target Encrypted Volumes.
[    6.509436] systemd[1]: Listening on /dev/initctl Compatibility Named Pipe.
[[0;32m  OK  [0m] Listening on /dev/initctl Compatibility Named Pipe.
[    6.772864] systemd[1]: Listening on Syslog Socket.
[[0;32m  OK  [0m] Listening on Syslog Socket.
[    6.781698] systemd[1]: Created slice Syste Slice.
[[0;32m  OK  [0m] Created slice System Slice.
[    .9886] systemd[1]: Reached taget Slices.
[[0;32m  OK  [0m] Reached target Slices.

[    7.106540] systemd[1]: Starting Nameserver information manager...
         Starting Nameserver information manager...
[    7.134911] systemd[1]: Mounting POSIX Message Queue File System...
         Mounting POSIX Message Queue File System...
[    7.140071] systemd[1]: Starting Load Kernel Modules...
         Starting Load Kernel Modules...
[    7.154265] systemd[1]: Mounting Debug File System...
         [    7.159223] Loading iSCSI transport class v2.0-870.
Mounting Debug File System...
[    7.171022] systemd[1]: Listening on udev Kernel Socket.
[[0;32m  OK  [0m] Listening on udev Kernel Socket.
[    7.173666] systemd[1]: Starting Create list of required static device nodes for the current kernel...
[    7.221801] random: nonblocking pool is initialized
         Starting Create list of required st... nodes for the current kernel...
[    7.231613] systemd[1]: Started Forward Password Requests to Wall Directory Watch.
[[0;32m  OK  [0[    7.235070] iscsi: registered transport (tcp)
m] Started Forward Password Requests to Wall Directory Watch.
[    7.241901] systemd[1]: Starting Remount Root and Kernel File Systems...
         [    7.254305] EXT4-fs (sda1): re-mounted. Opts: (null)
Starting Remount Root and Kernel File Systems...[    7.279986] iscsi: registered transport (iser)

[    7.298616] systemd[1]: Starting Monitoring of LVM2 mirrors, snapshots etc. using dmeventd or progress polling...
         Starting Monitoring of LVM2 mirrors... dmeventd or progress polling...
[    7.308484] systemd[1]: Starting Set console keymap...
         Starting Set console keymap...
[    7.315326] systemd[1]: Starting Uncomplicated firewall...
         Starting Uncomplicated firewall...
[    7.327617] systemd[1]: Started Trigger resolvconf update for networkd DNS.
[[0;32m  OK  [0m] Started Trigger resolvconf update for networkd DNS.
[    7.335412] systemd[1]: Created slice system-serial\x2dgetty.slice.
[[0;32m  OK  [0m] Created slice system-serial\x2dgetty.slice.
[    7.346565] systemd[1]: Mounting Huge Pages File System...
         Mounting Huge Pages File System...
[    7.348769] systemd[1]: Starting Journal Service...
         Starting Journal Service...
[    7.354723] systemd[1]: Set up automount Arbitrary Executable File Formats File System Automount Point.
[[0;32m  OK  [0m] Set up automount Arbitrary Executab...ats File System Automount Point.
[    7.414530] systemd[1]: Mounted Debug File System.
[[0;32m  OK  [0m] Mounted Debug File System.
[    7.452627] systemd[1]: Mounted POSIX Message Queue File System.
[[0;32m  OK  [0m] Mounted POSIX Message Queue File System.
[    7.511258] systemd[1]: Mounted Huge Pages File System.
[[0;32m  OK  [0m] Mounted Huge Pages File System.
[    7.607992] systemd[1]: Started Load Kernel Modules.
[[0;32m  OK  [0m] Started Load Kernel Modules.
[    7.633839] systemd[1]: Started Create list of required static device nodes for the current kernel.
[[0;32m  OK  [0m] Started Create list of required sta...ce nodes for the current kernel.
[    7.643458] systemd[1]: Started Remount Root and Kernel File Systems.
[[0;32m  OK  [0m] Started Remount Root and Kernel File Systems.
[    7.650590] systemd[1]: Started Uncomplicated firewall.
[[0;32m  OK  [0m] Started Uncomplicated firewall.
[    7.690799] systemd[1]: Started Nameserver information manager.
[[0;32m  OK  [0m] Started Nameserver information manager.
[    7.703020] systemd[1]: Started Journal Service.
[[0;32m  OK  [0m] Started Journal Service.
[[0;32m  OK  [0m] Started Set console keymap.
[[0;32m  OK  [0m] Started LVM2 metadata daemon.
         Starting Load/Save Random Seed...
         Starting Flush Journal to Persistent Storage...
         Starting udev Coldplug all Devices...
         Starting Create Static Device Nodes in /dev...
         Starting Apply Kernel Variables...
         Mounting FUSE Control File System...
[[0;32m  OK  [0m] Mounted FUSE Control File System.
[[0;32m  OK  [0m] Started Load/Save Random Seed.
[[0;32m  OK  [0m] Started Create Static Device Nodes in /dev.
[[0;32m  OK  [0m] Started Apply Kernel Variables.
[[0;32m  OK  [0m] Started Flush Journal to Persistent Storage.
[[0;32m  OK  [0m] Started udev Coldplug all Devices.
         Starting udev Kernel Device Manager...
[[0;32m  OK  [0m] Started udev Kernel Device Manager.
[[0;32m  OK  [0m] Started Dispatch Password Requests to Console Directory Watch.
[[0;32m  OK  [0m] Found device /dev/ttyS0.
[[0;32m  OK  [0m] Listening on Load/Save RF Kill Switch Status /dev/rfkill Watch.
[[0;32m  OK  [0m] Found device 82540EM Gigabit Ethern...r (PRO/1000 MT Desktop Adapter).
[[0;32m  OK  [0m] Found device 82540EM Gigabit Ethern...r (PRO/1000 MT Desktop Adapter).
[[0;32m  OK  [0m] Started Monitoring of LVM2 mirrors,...ng dmeventd or progress polling.
[[0;32m  OK  [0m] Reached target Local File Systems (Pre).
[[0;32m  OK  [0m] Reached target Local File Systems.
         Starting Initial cloud-init job (pre-networking)...
         Starting Set console font and keymap...
         Starting Create Volatile Files and Directories...
         Starting Tell Plymouth To Write Out Runtime Data...
         Starting LSB: AppArmor initialization...
[[0;32m  OK  [0m] Started Create Volatile Files and Directories.
[[0;32m  OK  [0m] Started Tell Plymouth To Write Out Runtime Data.
         Starting Update UTMP about System Boot/Shutdown...
[[0;32m  OK  [0m] Started Update UTMP about System Boot/Shutdown.
[[0;32m  OK  [0m] Started Set console font and keymap.
[[0;32m  OK  [0m] Created slice system-getty.slice.
[[0;32m  OK  [0m] Started LSB: AppArmor initialization.
[    9.126719] cloud-init[614]: Cloud-init v. 18.4-0ubuntu1~16.04.2 running 'init-local' at Wed, 20 Mar 2019 11:59:56 +0000. Up 8.93 seconds.
[[0;32m  OK  [0m] Started Initial cloud-init job (pre-networking).
[[0;32m  OK  [0m] Reached target Network (Pre).
[[0;32m  OK  [0m] Started ifup for enp0s8.
[[0;32m  OK  [0m] Started ifup for enp0s3.
         Starting Raise network interfaces...
[[0;32m  OK  [0m] Started Raise network interfaces.
         Starting Initial cloud-init job (metadata service crawler)...
[[0;32m  OK  [0m] Reached target Network.
[    9.775394] cloud-init[1060]: Cloud-init v. 18.4-0ubuntu1~16.04.2 running 'init' at Wed, 20 Mar 2019 11:59:56 +0000. Up 9.58 seconds.
[    9.782207] cloud-init[1060]: ci-info: ++++++++++++++++++++++++++++++++++++++Net device info+++++++++++++++++++++++++++++++++++++++
[    9.783708] cloud-init[1060]: ci-info: +--------+------+-----------------------------+---------------+--------+-------------------+
[    9.785195] cloud-init[1060]: ci-info: | Device |  Up  |           Address           |      Mask     | Scope  |     Hw-Address    |
[    9.786716] cloud-init[1060]: ci-info: +--------+------+-----------------------------+---------------+--------+-------------------+
[    9.788221] cloud-init[1060]: ci-info: | enp0s3 | True |          10.0.2.15          | 255.255.255.0 | global | 02:b4:5c:5b:e6:80 |
[    9.799007] cloud-init[1060]: ci-info: | enp0s3 | True |  fe80::b4:5cff:fe5b:e680/64 |       .       |  link  | 02:b4:5c:5b:e6:80 |
[[0;32m  OK  [0m] Started Initial cloud-init job (metadata service crawler).
[    9.818577] cloud-init[1060]: ci-info: | enp0s8 | True |        192.168.33.10        | 255.255.255.0 | global | 08:00:27:2b:48:8a |[[0;32m  OK  [0m] Reached target Cloud-config availability.
[[0;32m  OK  [0m] Reached target Network is Online.

[    9.824230] cloud-init[1060]: ci-info: | enp0s8 | True | fe80::a00:27ff:fe2b:488a/64 |       .       |  link  | 08:00:27:2b:48:8a |
[    9.825805] cloud-init[1060]: ci-info: |   lo   | True |          127.0.0.1          |   255.0.0.0   |  host  |         .         |
[    9.852654]          Starting iSCSI initiator daemon (iscsid)...
[[0;32m  OK  [0m] Reached target System Initialization.
[[0;32m  OK  [0m] Listening on UUID daemon activation socket.
[[0;32m  OK  [0m] Listening on ACPID Listen Socket.
[[0;32m  OK  [0m] Listening on D-Bus System Message Bus Socket.
cloud-init[1060]: ci-info: |   lo   | True |           ::1/128           |       .       |  host  |         .         |
[    9.895617] [cloud-init[0;32m  OK  [0m[1060]: ] ci-info: +--------+------+-----------------------------+---------------+--------+-------------------+Started Daily apt download activities.

[[0;32m  OK  [0m] Started Daily apt upgrade and clean activities.
[[0;32m  OK  [0m] Started Daily Cleanup of Temporary Directories.
         Starting Socket activation for snappy daemon.
[[0;32m  OK  [0m] Reached target Timers.
[    9.895946] cloud-init[1060]: ci-info: ++++++++++++++++++++++++++++Route IPv4 info++++++++++++++++++++++++++++
[    9.917936]          Starting LXD - unix socket.
cloud-init[1060]: ci-info: +-------+--------------+----------+---------------+-----------+-------+
[    9.920444] [[0;32m  OK  [0m] Started ACPI Events Check.
[[0;32m  OK  [0m] Reached target Paths.
cloud-init[1060]: ci-info: | Route | Destination  | Gateway  |    Genmask    | Interface | Flags |
[    9.922602] cloud-init[1060]: ci-info: +-------+--------------+----------+---------------+-----------+-------+
[    9.944405] cloud-init[1060]: ci-info: |   0   |   0.0.0.0    | 10.0.2.2 |    0.0.0.0    |   enp0s3  |   UG  |
[    9.944634] cloud-init[1060]: ci-info: |   1   |   10.0.2.0   | 0.0.0.0  | 255.255.255.0 |   enp0s3  |   U   |
[[0;32m  OK  [0m] Listening on Socket activation for snappy daemon.
[[    9.944770] cloud-init[1060]: ci-info: |   2   | 192.168.33.0 | 0.0.0.0  | 255.255.255.0 |   enp0s8  |   U   |
[    9.954395] cloud-init[1060]: ci-info: +-------+--------------+----------+---------------+-----------+-------+
[    9.954491] cloud-init[1060]: ci-info: +++++++++++++++++++Route IPv6 info+++++++++++++++++++
[    9.954644] cloud-init[1060]: ci-info: +-------+-------------+---------+-----------+-------+
[    9.954784] cloud-init[1060]: ci-info: | Route | Destination | Gateway | Interface | Flags |
[    9.954886] cloud-init[1060]: ci-info: +-------+-------------+---------+-----------+-------+
[    9.955008] cloud-init[1060]: ci-info: |   0   |  fe80::/64  |    ::   |   enp0s8  |   U   |
[    9.955135] cloud-init[1060]: ci-info: |   1   |  fe80::/64  |    ::   |   enp0s3  |   U   |
[    9.955251] cloud-init[1060]: ci-info: |   4   |   ff00::/8  |    ::   |   enp0s8  |   U   |
[    9.955374] cloud-init[1060]: ci-info: |   5   |   ff00::/8  |    ::   |   enp0s3  |   U   |
[    9.955494] cloud-init[1060]: ci-info: +-------+-------------+---------+-----------+-------+
[0;32m  OK  [0m] Listening on LXD - unix socket.
[[0;32m  OK  [0m] Started iSCSI initiator daemon (iscsid).
         Starting Login to default iSCSI targets...
[[0;32m  OK  [0m] Reached target Sockets.
[[0;32m  OK  [0m] Reached target Basic System.
[[0;32m  OK  [0m] Started D-Bus System Message Bus.
         Starting LSB: Record successful boot for GRUB...
         Starting LSB: MD monitoring daemon...
         Starting The PHP 7.0 FastCGI Process Manager...
[[0;32m  OK  [0m] Started ACPI event daemon.
         Starting OpenBSD Secure Shell server...
[[0;32m  OK  [0m] Started Unattended Upgrades Shutdown.
[[0;32m  OK  [0m] Started FUSE filesystem for LXC.
         Starting Accounts Service...
         Starting LXD - container startup/shutdown...
[[0;32m  OK  [0m] Started Regular background program processing daemon.
         Starting /etc/rc.local Compatibility...
         Starting Virtualbox guest utils...
[[0;32m  OK  [0m] Started Deferred execution scheduler.
         Starting Login Service...
         Starting MySQL Community Server...
         Starting System Logging Service...
         Starting Snappy daemon...
[[0;32m  OK  [0m] Started System Logging Service.
[[0;32m  OK  [0m] Started /etc/rc.local Compatibility.
[[0;32m  OK  [0m] Started LXD - container startup/shutdown.
[[0;32m  OK  [0m] Started OpenBSD Secure Shell server.
[[0;32m  OK  [0m] Started The PHP 7.0 FastCGI Process Manager.
[[0;32m  OK  [0m] Started LSB: Record successful boot for GRUB.
[[0;32m  OK  [0m] Started LSB: MD monitoring daemon.
[[0;32m  OK  [0m] Started Login to default iSCSI targets.
[[0;32m  OK  [0m] Started Snappy daemon.
         Starting Authenticate and Authorize Users to Run Privileged Tasks...
         Starting Wait until snapd is fully seeded...
[[0;32m  OK  [0m] Reached target Remote File Systems (Pre).
[[0;32m  OK  [0m] Reached target Remote File Systems.
         Starting LSB: Apache2 web server...
         Starting LSB: Set the CPU Frequency Scaling governor to "ondemand"...
         Starting Permit User Sessions...
         Starting LSB: daemon to balance interrupts for SMP systems...
         Starting LSB: automatic crash report generation...
[[0;32m  OK  [0m] Started Virtualbox guest utils.
[[0;32m  OK  [0m] Started Wait until snapd is fully seeded.
[[0;32m  OK  [0m] Started Permit User Sessions.
[[0;32m  OK  [0m] Started Login Service.
[[0;32m  OK  [0m] Started Authenticate and Authorize Users to Run Privileged Tasks.
[[0;32m  OK  [0m] Started Accounts Service.
[[0;32m  OK  [0m] Started LSB: Set the CPU Frequency Scaling governor to "ondemand".
         Starting Hold until boot process finishes up...
         Starting Terminate Plymouth Boot Screen...
         Starting Apply the settings specified in cloud-config...
[[0;32m  OK  [0m] Started LSB: daemon to balance interrupts for SMP systems.
[[0;32m  OK  [0m] Started Hold until boot process finishes up.
[[0;32m  OK  [0m] Started Terminate Plymouth Boot Screen.
[[0;32m  OK  [0m] Started Getty on tty1.
[[0;32m  OK  [0m] Started Serial Getty on ttyS0.
[[0;32m  OK  [0m] Reached target Login Prompts.
         Starting Set console scheme...
[[0;32m  OK  [0m] Started Set console scheme.
[[0;32m  OK  [0m] Started LSB: automatic crash report generation.
[   11.468804] cloud-init[1344]: Cloud-init v. 18.4-0ubuntu1~16.04.2 running 'modules:config' at Wed, 20 Mar 2019 11:59:58 +0000. Up 11.38 seconds.
[[0;32m  OK  [0m] Started Apply the settings specified in cloud-config.
[[0;32m  OK  [0m] Started MySQL Community Server.
[[0;32m  OK  [0m] Created slice User Slice of vagrant.
         Starting User Manager for UID 1000...
[[0;32m  OK  [0m] Started Session 1 of user vagrant.
[[0;32m  OK  [0m] Started User Manager for UID 1000.
[[0;32m  OK  [0m] Started LSB: Apache2 web server.
[[0;32m  OK  [0m] Reached target Multi-User System.
         Starting Execute cloud user/final scripts...
[[0;32m  OK  [0m] Reached target Graphical Interface.
         Starting Update UTMP about System Runlevel Changes...
[[0;32m  OK  [0m] Started Update UTMP about System Runlevel Changes.
[   12.844681] cloud-init[1465]: Cloud-init v. 18.4-0ubuntu1~16.04.2 running 'modules:final' at Wed, 20 Mar 2019 12:00:00 +0000. Up 12.76 seconds.
[   12.878622] cloud-init[1465]: Cloud-init v. 18.4-0ubuntu1~16.04.2 finished at Wed, 20 Mar 2019 12:00:00 +0000. Datasource DataSourceNoCloud [seed=/dev/sdb][dsmode=net].  Up 12.83 seconds[[0;32m  OK  [0m] Started Execute cloud user/final scripts.

[[0;32m  OK  [0m] Reached target Cloud-init target.

Ubuntu 16.04.5 LTS ubuntu-xenial ttyS0

ubuntu-xenial login: 